<?xml version="1.0" encoding="UTF-8"?>
<!-- Generated by org.testng.reporters.JUnitReportReporter -->
<testsuite hostname="Revathi" failures="0" tests="1" name="testCases.TC002_LoginTest" time="1.696" errors="0" timestamp="2025-04-24T20:27:31 CEST" skipped="0">
  <testcase classname="testCases.TC002_LoginTest" name="verify_Login_Test" time="1.696"/>
</testsuite> <!-- testCases.TC002_LoginTest -->
