<?xml version="1.0" encoding="UTF-8"?>
<!-- Generated by org.testng.reporters.JUnitReportReporter -->
<testsuite hostname="Revathi" failures="0" tests="1" name="testCases.TC001_AccountRegistrationTest" time="2.175" errors="0" timestamp="2025-04-24T18:48:57 CEST" skipped="0">
  <testcase classname="testCases.TC001_AccountRegistrationTest" name="verify_Account_Registration" time="2.175"/>
</testsuite> <!-- testCases.TC001_AccountRegistrationTest -->
