<?xml version="1.0" encoding="UTF-8"?>
<!-- Generated by org.testng.reporters.JUnitReportReporter -->
<testsuite hostname="Revathi" failures="0" tests="5" name="testCases.TC003_LoginDDT" time="40.165" errors="0" timestamp="2025-04-24T20:35:17 CEST" skipped="0">
  <testcase classname="testCases.TC003_LoginDDT" name="verify_login" time="11.129"/>
  <testcase classname="testCases.TC003_LoginDDT" name="verify_login" time="10.942"/>
  <testcase classname="testCases.TC003_LoginDDT" name="verify_login" time="10.767"/>
  <testcase classname="testCases.TC003_LoginDDT" name="verify_login" time="2.519"/>
  <testcase classname="testCases.TC003_LoginDDT" name="verify_login" time="4.808"/>
</testsuite> <!-- testCases.TC003_LoginDDT -->
