<?xml version="1.0" encoding="UTF-8"?>
<!-- Generated by org.testng.reporters.JUnitReportReporter -->
<testsuite hostname="Revathi" failures="0" tests="5" name="testCases.TC003_LoginDDT" time="39.054" errors="0" timestamp="2025-04-25T18:21:02 CEST" skipped="0">
  <testcase classname="testCases.TC003_LoginDDT" name="verify_login" time="10.911"/>
  <testcase classname="testCases.TC003_LoginDDT" name="verify_login" time="3.097"/>
  <testcase classname="testCases.TC003_LoginDDT" name="verify_login" time="2.911"/>
  <testcase classname="testCases.TC003_LoginDDT" name="verify_login" time="11.254"/>
  <testcase classname="testCases.TC003_LoginDDT" name="verify_login" time="10.881"/>
</testsuite> <!-- testCases.TC003_LoginDDT -->
