<?xml version="1.0" encoding="UTF-8"?>
<!-- Generated by org.testng.reporters.JUnitReportReporter -->
<testsuite hostname="Revathi" failures="0" tests="5" name="testCases.TC003_LoginDDT" time="43.128" errors="0" timestamp="2025-04-26T10:20:23 CEST" skipped="0">
  <testcase classname="testCases.TC003_LoginDDT" name="verify_login" time="11.715"/>
  <testcase classname="testCases.TC003_LoginDDT" name="verify_login" time="12.146"/>
  <testcase classname="testCases.TC003_LoginDDT" name="verify_login" time="3.396"/>
  <testcase classname="testCases.TC003_LoginDDT" name="verify_login" time="3.755"/>
  <testcase classname="testCases.TC003_LoginDDT" name="verify_login" time="12.116"/>
</testsuite> <!-- testCases.TC003_LoginDDT -->
